Using pre-set license
Built from '2020.3/release' branch; Version is '2020.3.2f1 (8fd9074bf66c) revision 9427207'; Using compiler version '192528614'; Build Type 'Release'
OS: 'Windows 10 Home; OS build 19044.2006; Version 2009; 64bit' Language: 'en' Physical Memory: 16240 MB
BatchMode: 1, IsHumanControllingUs: 0, StartBugReporterOnCrash: 0, Is64bit: 1, IsPro: 0

 COMMAND LINE ARGUMENTS:
D:\Unity Installs\2020.3.2f1\Editor\Unity.exe
-adb2
-batchMode
-noUpm
-name
AssetImportWorker0
-projectPath
D:/UnityProjects/JigsawPuzzleWithFriends
-logFile
Logs/AssetImportWorker0.log
-srvPort
62893
Successfully changed project path to: D:/UnityProjects/JigsawPuzzleWithFriends
D:/UnityProjects/JigsawPuzzleWithFriends
Using Asset Import Pipeline V2.
Refreshing native plugins compatible for Editor in 116.15 ms, found 1 plugins.
Preloading 0 native plugins for Editor in 0.00 ms.
Initialize engine version: 2020.3.2f1 (8fd9074bf66c)
[Subsystems] Discovering subsystems at path D:/Unity Installs/2020.3.2f1/Editor/Data/Resources/UnitySubsystems
[Subsystems] Discovering subsystems at path D:/UnityProjects/JigsawPuzzleWithFriends/Assets
GfxDevice: creating device client; threaded=0
Direct3D:
    Version:  Direct3D 11.0 [level 11.1]
    Renderer: NVIDIA GeForce GTX 1070 (ID=0x1be1)
    Vendor:   
    VRAM:     8081 MB
    Driver:   30.0.15.1298
Shader 'Universal Render Pipeline/Particles/Lit': fallback shader 'Universal Render Pipeline/Particles/SimpleLit' not found
Initialize mono
Mono path[0] = 'D:/Unity Installs/2020.3.2f1/Editor/Data/Managed'
Mono path[1] = 'D:/Unity Installs/2020.3.2f1/Editor/Data/MonoBleedingEdge/lib/mono/unityjit'
Mono config path = 'D:/Unity Installs/2020.3.2f1/Editor/Data/MonoBleedingEdge/etc'
Using monoOptions --debugger-agent=transport=dt_socket,embedding=1,server=y,suspend=n,address=127.0.0.1:56868
Begin MonoManager ReloadAssembly
Registering precompiled unity dll's ...
Register platform support module: D:/Unity Installs/2020.3.2f1/Editor/Data/PlaybackEngines/WindowsStandaloneSupport/UnityEditor.WindowsStandalone.Extensions.dll
Register platform support module: D:/Unity Installs/2020.3.2f1/Editor/Data/PlaybackEngines/LinuxStandaloneSupport/UnityEditor.LinuxStandalone.Extensions.dll
Registered in 0.001195 seconds.
Native extension for LinuxStandalone target not found
Native extension for WindowsStandalone target not found
Refreshing native plugins compatible for Editor in 122.61 ms, found 1 plugins.
Preloading 0 native plugins for Editor in 0.00 ms.
Invoked RoslynAnalysisRunner static constructor.
RoslynAnalysisRunner will not be running.
RoslynAnalysisRunner has terminated.
Mono: successfully reloaded assembly
- Completed reload, in  1.459 seconds
Platform modules already initialized, skipping
Registering precompiled user dll's ...
Registered in 0.002034 seconds.
Begin MonoManager ReloadAssembly
Native extension for LinuxStandalone target not found
Native extension for WindowsStandalone target not found
Refreshing native plugins compatible for Editor in 131.17 ms, found 1 plugins.
Preloading 0 native plugins for Editor in 0.00 ms.
Invoked RoslynAnalysisRunner static constructor.
RoslynAnalysisRunner will not be running.
RoslynAnalysisRunner has terminated.
Mono: successfully reloaded assembly
- Completed reload, in  1.051 seconds
Platform modules already initialized, skipping
========================================================================
Worker process is ready to serve import requests
Shader 'Universal Render Pipeline/Particles/Lit': fallback shader 'Universal Render Pipeline/Particles/SimpleLit' not found
Launched and connected shader compiler UnityShaderCompiler.exe after 0.05 seconds
Refreshing native plugins compatible for Editor in 1.28 ms, found 1 plugins.
Preloading 0 native plugins for Editor in 0.00 ms.
Unloading 3289 Unused Serialized files (Serialized files now loaded: 0)
System memory in use before: 153.9 MB.
System memory in use after: 154.1 MB.

Unloading 22 unused Assets to reduce memory usage. Loaded Objects now: 3749.
Total: 3.762700 ms (FindLiveObjects: 0.743300 ms CreateObjectMapping: 0.486900 ms MarkObjects: 2.402800 ms  DeleteObjects: 0.128000 ms)

========================================================================
Received Import Request.
  path: Assets/Graphics/Textures/StockPuzzles/wine_bottles 1.png
  artifactKey: Guid(c846483afbd39104cab9824aa2c1852f) Importer(815301076,1909f56bfc062723c751e8b465ee728b)
Start importing Assets/Graphics/Textures/StockPuzzles/wine_bottles 1.png using Guid(c846483afbd39104cab9824aa2c1852f) Importer(815301076,1909f56bfc062723c751e8b465ee728b)  -> (artifact id: 'a5da877edab88ed3fceb421712411618') in 0.122192 seconds
  Import took 0.127460 seconds .

========================================================================
Received Import Request.
  Time since last request: 2.089396 seconds.
  path: Assets/Graphics/Textures/StockPuzzles/wine_bottles 1.png
  artifactKey: Guid(c846483afbd39104cab9824aa2c1852f) Importer(815301076,1909f56bfc062723c751e8b465ee728b)
Start importing Assets/Graphics/Textures/StockPuzzles/wine_bottles 1.png using Guid(c846483afbd39104cab9824aa2c1852f) Importer(815301076,1909f56bfc062723c751e8b465ee728b)  -> (artifact id: 'a5da877edab88ed3fceb421712411618') in 0.012334 seconds
  Import took 0.018298 seconds .

========================================================================
Received Import Request.
  Time since last request: 10.962084 seconds.
  path: Assets/Graphics/Textures/StockPuzzles/wine_bottles 1.png
  artifactKey: Guid(c846483afbd39104cab9824aa2c1852f) Importer(815301076,1909f56bfc062723c751e8b465ee728b)
Start importing Assets/Graphics/Textures/StockPuzzles/wine_bottles 1.png using Guid(c846483afbd39104cab9824aa2c1852f) Importer(815301076,1909f56bfc062723c751e8b465ee728b)  -> (artifact id: 'c191952a7e3ca25639ad39f9065fc748') in 0.043111 seconds
  Import took 0.048501 seconds .

========================================================================
Received Import Request.
  Time since last request: 699.374342 seconds.
  path: Assets/PuzzleData/WorldDelicacies/FoodPuzzleData 1.asset
  artifactKey: Guid(2fc15916785a6b94a8c2ed3c3d8ca887) Importer(815301076,1909f56bfc062723c751e8b465ee728b)
Start importing Assets/PuzzleData/WorldDelicacies/FoodPuzzleData 1.asset using Guid(2fc15916785a6b94a8c2ed3c3d8ca887) Importer(815301076,1909f56bfc062723c751e8b465ee728b)  -> (artifact id: 'c47db4252b864bad1fe93e456c05d799') in 0.043240 seconds
  Import took 0.049901 seconds .

========================================================================
Received Import Request.
  Time since last request: 7.682732 seconds.
  path: Assets/PuzzleData/WorldDelicacies/WinePuzzleData.asset
  artifactKey: Guid(2fc15916785a6b94a8c2ed3c3d8ca887) Importer(815301076,1909f56bfc062723c751e8b465ee728b)
Start importing Assets/PuzzleData/WorldDelicacies/WinePuzzleData.asset using Guid(2fc15916785a6b94a8c2ed3c3d8ca887) Importer(815301076,1909f56bfc062723c751e8b465ee728b)  -> (artifact id: '4346bfcc2996f636541f81a0fa7d5ce7') in 0.015830 seconds
  Import took 0.021419 seconds .

========================================================================
Received Import Request.
  Time since last request: 19.493959 seconds.
  path: Assets/PuzzleData/WorldDelicacies/WinePuzzleData.asset
  artifactKey: Guid(2fc15916785a6b94a8c2ed3c3d8ca887) Importer(815301076,1909f56bfc062723c751e8b465ee728b)
Start importing Assets/PuzzleData/WorldDelicacies/WinePuzzleData.asset using Guid(2fc15916785a6b94a8c2ed3c3d8ca887) Importer(815301076,1909f56bfc062723c751e8b465ee728b)  -> (artifact id: '5dee510dd82fd3aea72e5e1fb2ef5ddb') in 0.004071 seconds
  Import took 0.009495 seconds .

========================================================================
Received Import Request.
  Time since last request: 63.050203 seconds.
  path: Assets/Scripts/ComputeShaders
  artifactKey: Guid(6d18094a18450b84ea308a234af4af00) Importer(815301076,1909f56bfc062723c751e8b465ee728b)
Start importing Assets/Scripts/ComputeShaders using Guid(6d18094a18450b84ea308a234af4af00) Importer(815301076,1909f56bfc062723c751e8b465ee728b)  -> (artifact id: '989b5f99aea498965a611b4f9120524d') in 0.006029 seconds
  Import took 0.339957 seconds .

AssetImportWorkerClient::OnTransportError - code=2 error=End of file
